<?xml version="1.0" encoding="UTF-8"?>
<coverage generated="1663077398327" clover="3.2.0">
  <project timestamp="1663077398327" name="All files">
    <metrics statements="27" coveredstatements="21" conditionals="6" coveredconditionals="3" methods="8" coveredmethods="6" elements="41" coveredelements="30" complexity="0" loc="27" ncloc="27" packages="1" files="2" classes="2"/>
    <file name="Countries.tsx" path="C:\Users\Spoorthi\WeatherProject\Countries.tsx">
      <metrics statements="15" coveredstatements="11" conditionals="4" coveredconditionals="2" methods="5" coveredmethods="3"/>
      <line num="9" count="1" type="stmt"/>
      <line num="11" count="2" type="stmt"/>
      <line num="12" count="2" type="stmt"/>
      <line num="13" count="2" type="stmt"/>
      <line num="14" count="2" type="stmt"/>
      <line num="17" count="2" type="stmt"/>
      <line num="18" count="2" type="stmt"/>
      <line num="19" count="0" type="stmt"/>
      <line num="20" count="0" type="stmt"/>
      <line num="23" count="2" type="stmt"/>
      <line num="24" count="2" type="stmt"/>
      <line num="28" count="2" type="stmt"/>
      <line num="37" count="0" type="stmt"/>
      <line num="77" count="0" type="stmt"/>
      <line num="105" count="1" type="stmt"/>
    </file>
    <file name="Weather.tsx" path="C:\Users\Spoorthi\WeatherProject\Weather.tsx">
      <metrics statements="12" coveredstatements="10" conditionals="2" coveredconditionals="1" methods="3" coveredmethods="3"/>
      <line num="9" count="1" type="stmt"/>
      <line num="10" count="1" type="stmt"/>
      <line num="11" count="1" type="stmt"/>
      <line num="13" count="1" type="stmt"/>
      <line num="15" count="1" type="stmt"/>
      <line num="16" count="1" type="stmt"/>
      <line num="17" count="0" type="stmt"/>
      <line num="18" count="0" type="stmt"/>
      <line num="21" count="1" type="stmt"/>
      <line num="22" count="1" type="stmt"/>
      <line num="25" count="1" type="stmt"/>
      <line num="75" count="1" type="stmt"/>
    </file>
  </project>
</coverage>
