{"C:\\Users\\Spoorthi\\WeatherProject\\Countries.tsx": {"path":"C:\\Users\\Spoorthi\\WeatherProject\\Countries.tsx","statementMap":{"0":{"start":{"line":9,"column":18},"end":{"line":103,"column":1}},"1":{"start":{"line":11,"column":38},"end":{"line":11,"column":57}},"2":{"start":{"line":12,"column":31},"end":{"line":12,"column":45}},"3":{"start":{"line":13,"column":18},"end":{"line":13,"column":30}},"4":{"start":{"line":14,"column":28},"end":{"line":14,"column":47}},"5":{"start":{"line":17,"column":27},"end":{"line":21,"column":5}},"6":{"start":{"line":18,"column":21},"end":{"line":18,"column":81}},"7":{"start":{"line":19,"column":6},"end":{"line":19,"column":31}},"8":{"start":{"line":20,"column":6},"end":{"line":20,"column":23}},"9":{"start":{"line":23,"column":4},"end":{"line":25,"column":9}},"10":{"start":{"line":24,"column":8},"end":{"line":24,"column":24}},"11":{"start":{"line":28,"column":2},"end":{"line":102,"column":3}},"12":{"start":{"line":37,"column":16},"end":{"line":87,"column":23}},"13":{"start":{"line":77,"column":19},"end":{"line":77,"column":76}},"14":{"start":{"line":105,"column":15},"end":{"line":130,"column":4}}},"fnMap":{"0":{"name":"(anonymous_0)","decl":{"start":{"line":9,"column":18},"end":{"line":9,"column":19}},"loc":{"start":{"line":9,"column":49},"end":{"line":103,"column":1}},"line":9},"1":{"name":"(anonymous_1)","decl":{"start":{"line":17,"column":27},"end":{"line":17,"column":28}},"loc":{"start":{"line":17,"column":37},"end":{"line":21,"column":5}},"line":17},"2":{"name":"(anonymous_2)","decl":{"start":{"line":23,"column":14},"end":{"line":23,"column":15}},"loc":{"start":{"line":23,"column":18},"end":{"line":25,"column":5}},"line":23},"3":{"name":"(anonymous_3)","decl":{"start":{"line":36,"column":27},"end":{"line":36,"column":28}},"loc":{"start":{"line":37,"column":16},"end":{"line":87,"column":23}},"line":37},"4":{"name":"(anonymous_4)","decl":{"start":{"line":77,"column":15},"end":{"line":77,"column":16}},"loc":{"start":{"line":77,"column":19},"end":{"line":77,"column":76}},"line":77}},"branchMap":{"0":{"loc":{"start":{"line":32,"column":7},"end":{"line":32,"column":36}},"type":"binary-expr","locations":[{"start":{"line":32,"column":7},"end":{"line":32,"column":12}},{"start":{"line":32,"column":16},"end":{"line":32,"column":36}}],"line":32},"1":{"loc":{"start":{"line":35,"column":8},"end":{"line":89,"column":9}},"type":"cond-expr","locations":[{"start":{"line":35,"column":18},"end":{"line":35,"column":68}},{"start":{"line":36,"column":12},"end":{"line":88,"column":14}}],"line":35}},"s":{"0":1,"1":2,"2":2,"3":2,"4":2,"5":2,"6":2,"7":0,"8":0,"9":2,"10":2,"11":2,"12":0,"13":0,"14":1},"f":{"0":2,"1":2,"2":2,"3":0,"4":0},"b":{"0":[2,0],"1":[2,0]},"_coverageSchema":"1a1c01bbd47fc00a2c39e90264f33305004495a9","hash":"f3e8e05b913f65c528bb5411baecbe7f5195eeb5"}
,"C:\\Users\\Spoorthi\\WeatherProject\\Weather.tsx": {"path":"C:\\Users\\Spoorthi\\WeatherProject\\Weather.tsx","statementMap":{"0":{"start":{"line":9,"column":16},"end":{"line":73,"column":1}},"1":{"start":{"line":10,"column":39},"end":{"line":10,"column":58}},"2":{"start":{"line":11,"column":30},"end":{"line":11,"column":44}},"3":{"start":{"line":13,"column":20},"end":{"line":13,"column":33}},"4":{"start":{"line":15,"column":27},"end":{"line":19,"column":5}},"5":{"start":{"line":16,"column":19},"end":{"line":16,"column":134}},"6":{"start":{"line":17,"column":6},"end":{"line":17,"column":33}},"7":{"start":{"line":18,"column":6},"end":{"line":18,"column":22}},"8":{"start":{"line":21,"column":4},"end":{"line":23,"column":9}},"9":{"start":{"line":22,"column":6},"end":{"line":22,"column":24}},"10":{"start":{"line":25,"column":2},"end":{"line":72,"column":3}},"11":{"start":{"line":75,"column":15},"end":{"line":90,"column":4}}},"fnMap":{"0":{"name":"(anonymous_0)","decl":{"start":{"line":9,"column":16},"end":{"line":9,"column":17}},"loc":{"start":{"line":9,"column":34},"end":{"line":73,"column":1}},"line":9},"1":{"name":"(anonymous_1)","decl":{"start":{"line":15,"column":27},"end":{"line":15,"column":28}},"loc":{"start":{"line":15,"column":38},"end":{"line":19,"column":5}},"line":15},"2":{"name":"(anonymous_2)","decl":{"start":{"line":21,"column":14},"end":{"line":21,"column":15}},"loc":{"start":{"line":21,"column":18},"end":{"line":23,"column":5}},"line":21}},"branchMap":{"0":{"loc":{"start":{"line":28,"column":6},"end":{"line":69,"column":7}},"type":"cond-expr","locations":[{"start":{"line":28,"column":15},"end":{"line":28,"column":65}},{"start":{"line":30,"column":14},"end":{"line":67,"column":21}}],"line":28}},"s":{"0":1,"1":1,"2":1,"3":1,"4":1,"5":1,"6":0,"7":0,"8":1,"9":1,"10":1,"11":1},"f":{"0":1,"1":1,"2":1},"b":{"0":[1,0]},"_coverageSchema":"1a1c01bbd47fc00a2c39e90264f33305004495a9","hash":"7fe6c876f41f852c5736f79a3906a1d9eecf41e2"}
}
