TN:
SF:Countries.tsx
FN:9,(anonymous_0)
FN:17,(anonymous_1)
FN:23,(anonymous_2)
FN:36,(anonymous_3)
FN:77,(anonymous_4)
FNF:5
FNH:3
FNDA:2,(anonymous_0)
FNDA:2,(anonymous_1)
FNDA:2,(anonymous_2)
FNDA:0,(anonymous_3)
FNDA:0,(anonymous_4)
DA:9,1
DA:11,2
DA:12,2
DA:13,2
DA:14,2
DA:17,2
DA:18,2
DA:19,0
DA:20,0
DA:23,2
DA:24,2
DA:28,2
DA:37,0
DA:77,0
DA:105,1
LF:15
LH:11
BRDA:32,0,0,2
BRDA:32,0,1,0
BRDA:35,1,0,2
BRDA:35,1,1,0
BRF:4
BRH:2
end_of_record
TN:
SF:Weather.tsx
FN:9,(anonymous_0)
FN:15,(anonymous_1)
FN:21,(anonymous_2)
FNF:3
FNH:3
FNDA:1,(anonymous_0)
FNDA:1,(anonymous_1)
FNDA:1,(anonymous_2)
DA:9,1
DA:10,1
DA:11,1
DA:13,1
DA:15,1
DA:16,1
DA:17,0
DA:18,0
DA:21,1
DA:22,1
DA:25,1
DA:75,1
LF:12
LH:10
BRDA:28,0,0,1
BRDA:28,0,1,0
BRF:2
BRH:1
end_of_record
